<?xml version="1.0" encoding="UTF-8"?>
<testsuite xmlns:xsi="http://www.w3.org/2001/XMLSchema-instance" xsi:noNamespaceSchemaLocation="https://maven.apache.org/surefire/maven-surefire-plugin/xsd/surefire-test-report.xsd" name="TestSuite" time="11.012" tests="1" errors="0" skipped="0" failures="1">
  <properties>
[...]
</properties>
  <testcase name="test" classname="Googlesearchnew.Googlesearchnew.Searchnew" time="7.146">
    <failure message="session not created: This version of ChromeDriver only supports Chrome version 92&#10;Current browser version is 89.0.4389.114 with binary path C:\Program Files (x86)\Google\Chrome\Application\chrome.exe&#10;Build info: version: &apos;3.141.59&apos;, revision: &apos;e82be7d358&apos;, time: &apos;2018-11-14T08:17:03&apos;&#10;System info: host: &apos;QJ08041111&apos;, ip: &apos;192.168.56.1&apos;, os.name: &apos;Windows 7&apos;, os.arch: &apos;amd64&apos;, os.version: &apos;6.1&apos;, java.version: &apos;15.0.1&apos;&#10;Driver info: driver.version: ChromeDriver&#10;remote stacktrace: Backtrace:&#10;	Ordinal0 [0x01102A33+2501171]&#10;	Ordinal0 [0x0109D1C1+2085313]&#10;	Ordinal0 [0x00FA1FA8+1056680]&#10;	Ordinal0 [0x00FC020A+1180170]&#10;	Ordinal0 [0x00FBC125+1163557]&#10;	Ordinal0 [0x00FB997F+1153407]&#10;	Ordinal0 [0x00FE999F+1350047]&#10;	Ordinal0 [0x00FE960A+1349130]&#10;	Ordinal0 [0x00FE551B+1332507]&#10;	Ordinal0 [0x00FC1D74+1187188]&#10;	Ordinal0 [0x00FC2BD9+1190873]&#10;	GetHandleVerifier [0x0127EFE6+1504438]&#10;	GetHandleVerifier [0x0132DDA5+2220661]&#10;	GetHandleVerifier [0x01185589+481881]&#10;	GetHandleVerifier [0x01184639+477961]&#10;	Ordinal0 [0x010A28BD+2107581]&#10;	Ordinal0 [0x010A6728+2123560]&#10;	Ordinal0 [0x010A6862+2123874]&#10;	Ordinal0 [0x010AFA81+2161281]&#10;	BaseThreadInitThunk [0x74E6347D+18]&#10;	RtlInitializeExceptionChain [0x77269852+99]&#10;	RtlInitializeExceptionChain [0x77269825+54]&#10;" type="org.openqa.selenium.SessionNotCreatedException">org.openqa.selenium.SessionNotCreatedException: 
session not created: This version of ChromeDriver only supports Chrome version 92
Current browser version is 89.0.4389.114 with binary path C:\Program Files (x86)\Google\Chrome\Application\chrome.exe
Build info: version: '3.141.59', revision: 'e82be7d358', time: '2018-11-14T08:17:03'
System info: host: 'QJ08041111', ip: '192.168.56.1', os.name: 'Windows 7', os.arch: 'amd64', os.version: '6.1', java.version: '15.0.1'
Driver info: driver.version: ChromeDriver
remote stacktrace: Backtrace:
	Ordinal0 [0x01102A33+2501171]
	Ordinal0 [0x0109D1C1+2085313]
	Ordinal0 [0x00FA1FA8+1056680]
	Ordinal0 [0x00FC020A+1180170]
	Ordinal0 [0x00FBC125+1163557]
	Ordinal0 [0x00FB997F+1153407]
	Ordinal0 [0x00FE999F+1350047]
	Ordinal0 [0x00FE960A+1349130]
	Ordinal0 [0x00FE551B+1332507]
	Ordinal0 [0x00FC1D74+1187188]
	Ordinal0 [0x00FC2BD9+1190873]
	GetHandleVerifier [0x0127EFE6+1504438]
	GetHandleVerifier [0x0132DDA5+2220661]
	GetHandleVerifier [0x01185589+481881]
	GetHandleVerifier [0x01184639+477961]
	Ordinal0 [0x010A28BD+2107581]
	Ordinal0 [0x010A6728+2123560]
	Ordinal0 [0x010A6862+2123874]
	Ordinal0 [0x010AFA81+2161281]
	BaseThreadInitThunk [0x74E6347D+18]
	RtlInitializeExceptionChain [0x77269852+99]
	RtlInitializeExceptionChain [0x77269825+54]

	at Googlesearchnew.Googlesearchnew.Searchnew.test(Searchnew.java:35)
</failure>
    <system-out><![CDATA[Program starting
]]></system-out>
    <system-err><![CDATA[Starting ChromeDriver 92.0.4515.107 (87a818b10553a07434ea9e2b6dccf3cbe7895134-refs/branch-heads/4515@{#1634}) on port 16180
Only local connections are allowed.
Please see https://chromedriver.chromium.org/security-considerations for suggestions on keeping ChromeDriver safe.
ChromeDriver was started successfully.
]]></system-err>
  </testcase>
</testsuite>