<?xml version="1.0" encoding="UTF-8"?>
<testsuite xmlns:xsi="http://www.w3.org/2001/XMLSchema-instance" xsi:noNamespaceSchemaLocation="https://maven.apache.org/surefire/maven-surefire-plugin/xsd/surefire-test-report.xsd" name="TestSuite" time="7.716" tests="2" errors="0" skipped="0" failures="0">
  <properties>
[...]
</properties>
  <testcase name="Login" classname="Googlesearchnew.Googlesearchnew.Searchnew" time="3.536"/>
  <testcase name="logintest" classname="Googlesearchnew.Googlesearchnew.Searchnew" time="1.757"/>
</testsuite>