<?xml version="1.0" encoding="UTF-8"?>
<testng-results total="1" passed="1" failed="0" skipped="0">
  <reporter-output>
  </reporter-output>
  <suite started-at="2021-08-06T03:42:56Z" name="Suite" finished-at="2021-08-06T03:43:11Z" duration-ms="15313">
    <groups>
    </groups>
    <test started-at="2021-08-06T03:42:56Z" name="Test" finished-at="2021-08-06T03:43:11Z" duration-ms="15313">
      <class name="Googlesearchnew.Googlesearchnew.Searchnew">
        <test-method signature="test()[pri:0, instance:Googlesearchnew.Googlesearchnew.Searchnew@12aba8be]" started-at="2021-08-05T22:42:56Z" name="test" finished-at="2021-08-05T22:43:11Z" duration-ms="15200" status="PASS">
          <reporter-output>
          </reporter-output>
        </test-method> <!-- test -->
      </class> <!-- Googlesearchnew.Googlesearchnew.Searchnew -->
    </test> <!-- Test -->
  </suite> <!-- Suite -->
</testng-results>
